{"numTotalTestSuites":2,"numPassedTestSuites":0,"numFailedTestSuites":2,"numPendingTestSuites":0,"numTotalTests":5,"numPassedTests":1,"numFailedTests":4,"numPendingTests":0,"numTodoTests":0,"snapshot":{"added":0,"failure":false,"filesAdded":0,"filesRemoved":0,"filesRemovedList":[],"filesUnmatched":0,"filesUpdated":0,"matched":0,"total":0,"unchecked":0,"uncheckedKeysByFile":[],"unmatched":0,"updated":0,"didUpdate":false},"startTime":1749151707563,"success":false,"testResults":[{"assertionResults":[{"ancestorTitles":["SessionTrackerWidget"],"fullName":"SessionTrackerWidget renders without crashing","status":"failed","title":"renders without crashing","duration":509.70804099999987,"failureMessages":["TestingLibraryElementError: Unable to find an element with the text: SESSION TRACKER. This could be because the text is broken up by multiple elements. In this case, you can provide a function for your text matcher to make your matcher more flexible.\n\nIgnored nodes: comments, script, style\n\u001b[36m<body>\u001b[39m\n  \u001b[36m<div>\u001b[39m\n    \u001b[36m<div\u001b[39m\n      \u001b[33mclass\u001b[39m=\u001b[32m\"h-full flex items-center justify-center\"\u001b[39m\n    \u001b[36m>\u001b[39m\n      \u001b[36m<div\u001b[39m\n        \u001b[33mclass\u001b[39m=\u001b[32m\"ant-space css-dev-only-do-not-override-mc1tut ant-space-vertical ant-space-align-center ant-space-gap-row-small ant-space-gap-col-small\"\u001b[39m\n      \u001b[36m>\u001b[39m\n        \u001b[36m<div\u001b[39m\n          \u001b[33mclass\u001b[39m=\u001b[32m\"ant-space-item\"\u001b[39m\n        \u001b[36m>\u001b[39m\n          \u001b[36m<span\u001b[39m\n            \u001b[33maria-label\u001b[39m=\u001b[32m\"clock-circle\"\u001b[39m\n            \u001b[33mclass\u001b[39m=\u001b[32m\"anticon anticon-clock-circle\"\u001b[39m\n            \u001b[33mrole\u001b[39m=\u001b[32m\"img\"\u001b[39m\n            \u001b[33mstyle\u001b[39m=\u001b[32m\"font-size: 48px; color: rgb(0, 217, 255);\"\u001b[39m\n          \u001b[36m>\u001b[39m\n            \u001b[36m<svg\u001b[39m\n              \u001b[33maria-hidden\u001b[39m=\u001b[32m\"true\"\u001b[39m\n              \u001b[33mdata-icon\u001b[39m=\u001b[32m\"clock-circle\"\u001b[39m\n              \u001b[33mfill\u001b[39m=\u001b[32m\"currentColor\"\u001b[39m\n              \u001b[33mfocusable\u001b[39m=\u001b[32m\"false\"\u001b[39m\n              \u001b[33mheight\u001b[39m=\u001b[32m\"1em\"\u001b[39m\n              \u001b[33mviewBox\u001b[39m=\u001b[32m\"64 64 896 896\"\u001b[39m\n              \u001b[33mwidth\u001b[39m=\u001b[32m\"1em\"\u001b[39m\n            \u001b[36m>\u001b[39m\n              \u001b[36m<path\u001b[39m\n                \u001b[33md\u001b[39m=\u001b[32m\"M512 64C264.6 64 64 264.6 64 512s200.6 448 448 448 448-200.6 448-448S759.4 64 512 64zm0 820c-205.4 0-372-166.6-372-372s166.6-372 372-372 372 166.6 372 372-166.6 372-372 372z\"\u001b[39m\n              \u001b[36m/>\u001b[39m\n              \u001b[36m<path\u001b[39m\n                \u001b[33md\u001b[39m=\u001b[32m\"M686.7 638.6L544.1 535.5V288c0-4.4-3.6-8-8-8H488c-4.4 0-8 3.6-8 8v275.4c0 2.6 1.2 5 3.3 6.5l165.4 120.6c3.6 2.6 8.6 1.8 11.2-1.7l28.6-39c2.6-3.7 1.8-8.7-1.8-11.2z\"\u001b[39m\n              \u001b[36m/>\u001b[39m\n            \u001b[36m</svg>\u001b[39m\n          \u001b[36m</span>\u001b[39m\n        \u001b[36m</div>\u001b[39m\n        \u001b[36m<div\u001b[39m\n          \u001b[33mclass\u001b[39m=\u001b[32m\"ant-space-item\"\u001b[39m\n        \u001b[36m>\u001b[39m\n          \u001b[36m<span\u001b[39m\n            \u001b[33mclass\u001b[39m=\u001b[32m\"ant-typography text-gray-400 css-dev-only-do-not-override-mc1tut\"\u001b[39m\n          \u001b[36m>\u001b[39m\n            \u001b[0mLoading session data...\u001b[0m\n          \u001b[36m</span>\u001b[39m\n        \u001b[36m</div>\u001b[39m\n      \u001b[36m</div>\u001b[39m\n    \u001b[36m</div>\u001b[39m\n  \u001b[36m</div>\u001b[39m\n\u001b[36m</body>\u001b[39m\n    at Object.getElementError (/workspaces/dota2-companion/node_modules/@testing-library/dom/dist/config.js:37:19)\n    at /workspaces/dota2-companion/node_modules/@testing-library/dom/dist/query-helpers.js:76:38\n    at /workspaces/dota2-companion/node_modules/@testing-library/dom/dist/query-helpers.js:52:17\n    at /workspaces/dota2-companion/node_modules/@testing-library/dom/dist/query-helpers.js:95:19\n    at /workspaces/dota2-companion/src/__tests__/widgets/SessionTrackerWidget.test.jsx:36:19\n    at file:///workspaces/dota2-companion/node_modules/@vitest/runner/dist/chunk-hooks.js:154:11\n    at file:///workspaces/dota2-companion/node_modules/@vitest/runner/dist/chunk-hooks.js:751:26\n    at file:///workspaces/dota2-companion/node_modules/@vitest/runner/dist/chunk-hooks.js:1886:20\n    at new Promise (<anonymous>)\n    at runWithTimeout (file:///workspaces/dota2-companion/node_modules/@vitest/runner/dist/chunk-hooks.js:1852:10)"],"location":{"line":27,"column":3},"meta":{}},{"ancestorTitles":["SessionTrackerWidget"],"fullName":"SessionTrackerWidget displays session statistics correctly","status":"failed","title":"displays session statistics correctly","duration":191.0122369999999,"failureMessages":["TestingLibraryElementError: Unable to find an element with the text: /today's session/i. This could be because the text is broken up by multiple elements. In this case, you can provide a function for your text matcher to make your matcher more flexible.\n\nIgnored nodes: comments, script, style\n\u001b[36m<body>\u001b[39m\n  \u001b[36m<div>\u001b[39m\n    \u001b[36m<div\u001b[39m\n      \u001b[33mclass\u001b[39m=\u001b[32m\"h-full flex items-center justify-center\"\u001b[39m\n    \u001b[36m>\u001b[39m\n      \u001b[36m<div\u001b[39m\n        \u001b[33mclass\u001b[39m=\u001b[32m\"ant-space css-dev-only-do-not-override-mc1tut ant-space-vertical ant-space-align-center ant-space-gap-row-small ant-space-gap-col-small\"\u001b[39m\n      \u001b[36m>\u001b[39m\n        \u001b[36m<div\u001b[39m\n          \u001b[33mclass\u001b[39m=\u001b[32m\"ant-space-item\"\u001b[39m\n        \u001b[36m>\u001b[39m\n          \u001b[36m<span\u001b[39m\n            \u001b[33maria-label\u001b[39m=\u001b[32m\"clock-circle\"\u001b[39m\n            \u001b[33mclass\u001b[39m=\u001b[32m\"anticon anticon-clock-circle\"\u001b[39m\n            \u001b[33mrole\u001b[39m=\u001b[32m\"img\"\u001b[39m\n            \u001b[33mstyle\u001b[39m=\u001b[32m\"font-size: 48px; color: rgb(0, 217, 255);\"\u001b[39m\n          \u001b[36m>\u001b[39m\n            \u001b[36m<svg\u001b[39m\n              \u001b[33maria-hidden\u001b[39m=\u001b[32m\"true\"\u001b[39m\n              \u001b[33mdata-icon\u001b[39m=\u001b[32m\"clock-circle\"\u001b[39m\n              \u001b[33mfill\u001b[39m=\u001b[32m\"currentColor\"\u001b[39m\n              \u001b[33mfocusable\u001b[39m=\u001b[32m\"false\"\u001b[39m\n              \u001b[33mheight\u001b[39m=\u001b[32m\"1em\"\u001b[39m\n              \u001b[33mviewBox\u001b[39m=\u001b[32m\"64 64 896 896\"\u001b[39m\n              \u001b[33mwidth\u001b[39m=\u001b[32m\"1em\"\u001b[39m\n            \u001b[36m>\u001b[39m\n              \u001b[36m<path\u001b[39m\n                \u001b[33md\u001b[39m=\u001b[32m\"M512 64C264.6 64 64 264.6 64 512s200.6 448 448 448 448-200.6 448-448S759.4 64 512 64zm0 820c-205.4 0-372-166.6-372-372s166.6-372 372-372 372 166.6 372 372-166.6 372-372 372z\"\u001b[39m\n              \u001b[36m/>\u001b[39m\n              \u001b[36m<path\u001b[39m\n                \u001b[33md\u001b[39m=\u001b[32m\"M686.7 638.6L544.1 535.5V288c0-4.4-3.6-8-8-8H488c-4.4 0-8 3.6-8 8v275.4c0 2.6 1.2 5 3.3 6.5l165.4 120.6c3.6 2.6 8.6 1.8 11.2-1.7l28.6-39c2.6-3.7 1.8-8.7-1.8-11.2z\"\u001b[39m\n              \u001b[36m/>\u001b[39m\n            \u001b[36m</svg>\u001b[39m\n          \u001b[36m</span>\u001b[39m\n        \u001b[36m</div>\u001b[39m\n        \u001b[36m<div\u001b[39m\n          \u001b[33mclass\u001b[39m=\u001b[32m\"ant-space-item\"\u001b[39m\n        \u001b[36m>\u001b[39m\n          \u001b[36m<span\u001b[39m\n            \u001b[33mclass\u001b[39m=\u001b[32m\"ant-typography text-gray-400 css-dev-only-do-not-override-mc1tut\"\u001b[39m\n          \u001b[36m>\u001b[39m\n            \u001b[0mLoading session data...\u001b[0m\n          \u001b[36m</span>\u001b[39m\n        \u001b[36m</div>\u001b[39m\n      \u001b[36m</div>\u001b[39m\n    \u001b[36m</div>\u001b[39m\n  \u001b[36m</div>\u001b[39m\n\u001b[36m</body>\u001b[39m\n    at Object.getElementError (/workspaces/dota2-companion/node_modules/@testing-library/dom/dist/config.js:37:19)\n    at /workspaces/dota2-companion/node_modules/@testing-library/dom/dist/query-helpers.js:76:38\n    at /workspaces/dota2-companion/node_modules/@testing-library/dom/dist/query-helpers.js:52:17\n    at /workspaces/dota2-companion/node_modules/@testing-library/dom/dist/query-helpers.js:95:19\n    at /workspaces/dota2-companion/src/__tests__/widgets/SessionTrackerWidget.test.jsx:49:19\n    at file:///workspaces/dota2-companion/node_modules/@vitest/runner/dist/chunk-hooks.js:154:11\n    at file:///workspaces/dota2-companion/node_modules/@vitest/runner/dist/chunk-hooks.js:751:26\n    at file:///workspaces/dota2-companion/node_modules/@vitest/runner/dist/chunk-hooks.js:1886:20\n    at new Promise (<anonymous>)\n    at runWithTimeout (file:///workspaces/dota2-companion/node_modules/@vitest/runner/dist/chunk-hooks.js:1852:10)"],"location":{"line":39,"column":3},"meta":{}},{"ancestorTitles":["SessionTrackerWidget"],"fullName":"SessionTrackerWidget shows loading state when data is loading","status":"failed","title":"shows loading state when data is loading","duration":92.65193100000033,"failureMessages":["Error: \u001b[2mexpect(\u001b[22m\u001b[31mreceived\u001b[39m\u001b[2m).toBeInTheDocument()\u001b[22m\n\n\u001b[31mreceived\u001b[39m value must be an HTMLElement or an SVGElement.\nReceived has type:  Null\nReceived has value: \u001b[31mnull\u001b[39m\n    at Proxy.expectWrapper (file:///workspaces/dota2-companion/node_modules/@vitest/expect/dist/index.js:1725:36)\n    at Proxy.<anonymous> (file:///workspaces/dota2-companion/node_modules/@vitest/expect/dist/index.js:1022:14)\n    at Proxy.methodWrapper (file:///workspaces/dota2-companion/node_modules/chai/chai.js:1618:25)\n    at /workspaces/dota2-companion/src/__tests__/widgets/SessionTrackerWidget.test.jsx:69:49\n    at file:///workspaces/dota2-companion/node_modules/@vitest/runner/dist/chunk-hooks.js:154:11\n    at file:///workspaces/dota2-companion/node_modules/@vitest/runner/dist/chunk-hooks.js:751:26\n    at file:///workspaces/dota2-companion/node_modules/@vitest/runner/dist/chunk-hooks.js:1886:20\n    at new Promise (<anonymous>)\n    at runWithTimeout (file:///workspaces/dota2-companion/node_modules/@vitest/runner/dist/chunk-hooks.js:1852:10)\n    at runTest (file:///workspaces/dota2-companion/node_modules/@vitest/runner/dist/chunk-hooks.js:1563:12)"],"location":{"line":54,"column":3},"meta":{}},{"ancestorTitles":["SessionTrackerWidget"],"fullName":"SessionTrackerWidget displays MMR counter component","status":"failed","title":"displays MMR counter component","duration":113.15225100000043,"failureMessages":["TestingLibraryElementError: Unable to find an element with the text: /current mmr/i. This could be because the text is broken up by multiple elements. In this case, you can provide a function for your text matcher to make your matcher more flexible.\n\nIgnored nodes: comments, script, style\n\u001b[36m<body>\u001b[39m\n  \u001b[36m<div>\u001b[39m\n    \u001b[36m<div\u001b[39m\n      \u001b[33mclass\u001b[39m=\u001b[32m\"h-full flex items-center justify-center\"\u001b[39m\n    \u001b[36m>\u001b[39m\n      \u001b[36m<div\u001b[39m\n        \u001b[33mclass\u001b[39m=\u001b[32m\"ant-space css-dev-only-do-not-override-mc1tut ant-space-vertical ant-space-align-center ant-space-gap-row-small ant-space-gap-col-small\"\u001b[39m\n      \u001b[36m>\u001b[39m\n        \u001b[36m<div\u001b[39m\n          \u001b[33mclass\u001b[39m=\u001b[32m\"ant-space-item\"\u001b[39m\n        \u001b[36m>\u001b[39m\n          \u001b[36m<span\u001b[39m\n            \u001b[33maria-label\u001b[39m=\u001b[32m\"clock-circle\"\u001b[39m\n            \u001b[33mclass\u001b[39m=\u001b[32m\"anticon anticon-clock-circle\"\u001b[39m\n            \u001b[33mrole\u001b[39m=\u001b[32m\"img\"\u001b[39m\n            \u001b[33mstyle\u001b[39m=\u001b[32m\"font-size: 48px; color: rgb(0, 217, 255);\"\u001b[39m\n          \u001b[36m>\u001b[39m\n            \u001b[36m<svg\u001b[39m\n              \u001b[33maria-hidden\u001b[39m=\u001b[32m\"true\"\u001b[39m\n              \u001b[33mdata-icon\u001b[39m=\u001b[32m\"clock-circle\"\u001b[39m\n              \u001b[33mfill\u001b[39m=\u001b[32m\"currentColor\"\u001b[39m\n              \u001b[33mfocusable\u001b[39m=\u001b[32m\"false\"\u001b[39m\n              \u001b[33mheight\u001b[39m=\u001b[32m\"1em\"\u001b[39m\n              \u001b[33mviewBox\u001b[39m=\u001b[32m\"64 64 896 896\"\u001b[39m\n              \u001b[33mwidth\u001b[39m=\u001b[32m\"1em\"\u001b[39m\n            \u001b[36m>\u001b[39m\n              \u001b[36m<path\u001b[39m\n                \u001b[33md\u001b[39m=\u001b[32m\"M512 64C264.6 64 64 264.6 64 512s200.6 448 448 448 448-200.6 448-448S759.4 64 512 64zm0 820c-205.4 0-372-166.6-372-372s166.6-372 372-372 372 166.6 372 372-166.6 372-372 372z\"\u001b[39m\n              \u001b[36m/>\u001b[39m\n              \u001b[36m<path\u001b[39m\n                \u001b[33md\u001b[39m=\u001b[32m\"M686.7 638.6L544.1 535.5V288c0-4.4-3.6-8-8-8H488c-4.4 0-8 3.6-8 8v275.4c0 2.6 1.2 5 3.3 6.5l165.4 120.6c3.6 2.6 8.6 1.8 11.2-1.7l28.6-39c2.6-3.7 1.8-8.7-1.8-11.2z\"\u001b[39m\n              \u001b[36m/>\u001b[39m\n            \u001b[36m</svg>\u001b[39m\n          \u001b[36m</span>\u001b[39m\n        \u001b[36m</div>\u001b[39m\n        \u001b[36m<div\u001b[39m\n          \u001b[33mclass\u001b[39m=\u001b[32m\"ant-space-item\"\u001b[39m\n        \u001b[36m>\u001b[39m\n          \u001b[36m<span\u001b[39m\n            \u001b[33mclass\u001b[39m=\u001b[32m\"ant-typography text-gray-400 css-dev-only-do-not-override-mc1tut\"\u001b[39m\n          \u001b[36m>\u001b[39m\n            \u001b[0mLoading session data...\u001b[0m\n          \u001b[36m</span>\u001b[39m\n        \u001b[36m</div>\u001b[39m\n      \u001b[36m</div>\u001b[39m\n    \u001b[36m</div>\u001b[39m\n  \u001b[36m</div>\u001b[39m\n\u001b[36m</body>\u001b[39m\n    at Object.getElementError (/workspaces/dota2-companion/node_modules/@testing-library/dom/dist/config.js:37:19)\n    at /workspaces/dota2-companion/node_modules/@testing-library/dom/dist/query-helpers.js:76:38\n    at /workspaces/dota2-companion/node_modules/@testing-library/dom/dist/query-helpers.js:52:17\n    at /workspaces/dota2-companion/node_modules/@testing-library/dom/dist/query-helpers.js:95:19\n    at /workspaces/dota2-companion/src/__tests__/widgets/SessionTrackerWidget.test.jsx:82:19\n    at file:///workspaces/dota2-companion/node_modules/@vitest/runner/dist/chunk-hooks.js:154:11\n    at file:///workspaces/dota2-companion/node_modules/@vitest/runner/dist/chunk-hooks.js:751:26\n    at file:///workspaces/dota2-companion/node_modules/@vitest/runner/dist/chunk-hooks.js:1886:20\n    at new Promise (<anonymous>)\n    at runWithTimeout (file:///workspaces/dota2-companion/node_modules/@vitest/runner/dist/chunk-hooks.js:1852:10)"],"location":{"line":72,"column":3},"meta":{}},{"ancestorTitles":["SessionTrackerWidget"],"fullName":"SessionTrackerWidget shows performance alerts when applicable","status":"passed","title":"shows performance alerts when applicable","duration":112.73543599999994,"failureMessages":[],"location":{"line":85,"column":3},"meta":{}}],"startTime":1749151712984,"endTime":1749151714003.7354,"status":"failed","message":"","name":"/workspaces/dota2-companion/src/__tests__/widgets/SessionTrackerWidget.test.jsx"}]}