{"numTotalTestSuites":6,"numPassedTestSuites":0,"numFailedTestSuites":6,"numPendingTestSuites":0,"numTotalTests":20,"numPassedTests":1,"numFailedTests":19,"numPendingTests":0,"numTodoTests":0,"snapshot":{"added":0,"failure":false,"filesAdded":0,"filesRemoved":0,"filesRemovedList":[],"filesUnmatched":0,"filesUpdated":0,"matched":0,"total":0,"unchecked":0,"uncheckedKeysByFile":[],"unmatched":0,"updated":0,"didUpdate":false},"startTime":1749119517259,"success":false,"testResults":[{"assertionResults":[{"ancestorTitles":["HeroPerformanceWidget"],"fullName":"HeroPerformanceWidget renders without crashing","status":"failed","title":"renders without crashing","duration":2.595078999999714,"failureMessages":["TypeError: Cannot read properties of undefined (reading 'Provider')\n    at /home/nimish/dota2_companion/src/__tests__/widgets/HeroPerformanceWidget.test.jsx:62:20\n    at file:///home/nimish/dota2_companion/node_modules/@vitest/runner/dist/chunk-hooks.js:154:11\n    at file:///home/nimish/dota2_companion/node_modules/@vitest/runner/dist/chunk-hooks.js:751:26\n    at file:///home/nimish/dota2_companion/node_modules/@vitest/runner/dist/chunk-hooks.js:1886:20\n    at new Promise (<anonymous>)\n    at runWithTimeout (file:///home/nimish/dota2_companion/node_modules/@vitest/runner/dist/chunk-hooks.js:1852:10)\n    at runTest (file:///home/nimish/dota2_companion/node_modules/@vitest/runner/dist/chunk-hooks.js:1563:12)\n    at processTicksAndRejections (node:internal/process/task_queues:105:5)\n    at runSuite (file:///home/nimish/dota2_companion/node_modules/@vitest/runner/dist/chunk-hooks.js:1718:8)\n    at runSuite (file:///home/nimish/dota2_companion/node_modules/@vitest/runner/dist/chunk-hooks.js:1718:8)"],"location":{"line":60,"column":3},"meta":{}},{"ancestorTitles":["HeroPerformanceWidget"],"fullName":"HeroPerformanceWidget filters heroes with less than 5 games","status":"failed","title":"filters heroes with less than 5 games","duration":1.191729999999552,"failureMessages":["TypeError: Cannot read properties of undefined (reading 'Provider')\n    at /home/nimish/dota2_companion/src/__tests__/widgets/HeroPerformanceWidget.test.jsx:72:20\n    at file:///home/nimish/dota2_companion/node_modules/@vitest/runner/dist/chunk-hooks.js:154:11\n    at file:///home/nimish/dota2_companion/node_modules/@vitest/runner/dist/chunk-hooks.js:751:26\n    at file:///home/nimish/dota2_companion/node_modules/@vitest/runner/dist/chunk-hooks.js:1886:20\n    at new Promise (<anonymous>)\n    at runWithTimeout (file:///home/nimish/dota2_companion/node_modules/@vitest/runner/dist/chunk-hooks.js:1852:10)\n    at runTest (file:///home/nimish/dota2_companion/node_modules/@vitest/runner/dist/chunk-hooks.js:1563:12)\n    at processTicksAndRejections (node:internal/process/task_queues:105:5)\n    at runSuite (file:///home/nimish/dota2_companion/node_modules/@vitest/runner/dist/chunk-hooks.js:1718:8)\n    at runSuite (file:///home/nimish/dota2_companion/node_modules/@vitest/runner/dist/chunk-hooks.js:1718:8)"],"location":{"line":70,"column":3},"meta":{}},{"ancestorTitles":["HeroPerformanceWidget"],"fullName":"HeroPerformanceWidget displays hero statistics correctly","status":"failed","title":"displays hero statistics correctly","duration":1.111337000000276,"failureMessages":["TypeError: Cannot read properties of undefined (reading 'Provider')\n    at /home/nimish/dota2_companion/src/__tests__/widgets/HeroPerformanceWidget.test.jsx:87:20\n    at file:///home/nimish/dota2_companion/node_modules/@vitest/runner/dist/chunk-hooks.js:154:11\n    at file:///home/nimish/dota2_companion/node_modules/@vitest/runner/dist/chunk-hooks.js:751:26\n    at file:///home/nimish/dota2_companion/node_modules/@vitest/runner/dist/chunk-hooks.js:1886:20\n    at new Promise (<anonymous>)\n    at runWithTimeout (file:///home/nimish/dota2_companion/node_modules/@vitest/runner/dist/chunk-hooks.js:1852:10)\n    at runTest (file:///home/nimish/dota2_companion/node_modules/@vitest/runner/dist/chunk-hooks.js:1563:12)\n    at processTicksAndRejections (node:internal/process/task_queues:105:5)\n    at runSuite (file:///home/nimish/dota2_companion/node_modules/@vitest/runner/dist/chunk-hooks.js:1718:8)\n    at runSuite (file:///home/nimish/dota2_companion/node_modules/@vitest/runner/dist/chunk-hooks.js:1718:8)"],"location":{"line":85,"column":3},"meta":{}},{"ancestorTitles":["HeroPerformanceWidget"],"fullName":"HeroPerformanceWidget allows searching for heroes","status":"failed","title":"allows searching for heroes","duration":1.3240160000004835,"failureMessages":["TypeError: Cannot read properties of undefined (reading 'Provider')\n    at /home/nimish/dota2_companion/src/__tests__/widgets/HeroPerformanceWidget.test.jsx:105:20\n    at file:///home/nimish/dota2_companion/node_modules/@vitest/runner/dist/chunk-hooks.js:154:11\n    at file:///home/nimish/dota2_companion/node_modules/@vitest/runner/dist/chunk-hooks.js:751:26\n    at file:///home/nimish/dota2_companion/node_modules/@vitest/runner/dist/chunk-hooks.js:1886:20\n    at new Promise (<anonymous>)\n    at runWithTimeout (file:///home/nimish/dota2_companion/node_modules/@vitest/runner/dist/chunk-hooks.js:1852:10)\n    at runTest (file:///home/nimish/dota2_companion/node_modules/@vitest/runner/dist/chunk-hooks.js:1563:12)\n    at processTicksAndRejections (node:internal/process/task_queues:105:5)\n    at runSuite (file:///home/nimish/dota2_companion/node_modules/@vitest/runner/dist/chunk-hooks.js:1718:8)\n    at runSuite (file:///home/nimish/dota2_companion/node_modules/@vitest/runner/dist/chunk-hooks.js:1718:8)"],"location":{"line":103,"column":3},"meta":{}},{"ancestorTitles":["HeroPerformanceWidget"],"fullName":"HeroPerformanceWidget allows sorting by different criteria","status":"failed","title":"allows sorting by different criteria","duration":0.7878430000000662,"failureMessages":["TypeError: Cannot read properties of undefined (reading 'Provider')\n    at /home/nimish/dota2_companion/src/__tests__/widgets/HeroPerformanceWidget.test.jsx:123:20\n    at file:///home/nimish/dota2_companion/node_modules/@vitest/runner/dist/chunk-hooks.js:154:11\n    at file:///home/nimish/dota2_companion/node_modules/@vitest/runner/dist/chunk-hooks.js:751:26\n    at file:///home/nimish/dota2_companion/node_modules/@vitest/runner/dist/chunk-hooks.js:1886:20\n    at new Promise (<anonymous>)\n    at runWithTimeout (file:///home/nimish/dota2_companion/node_modules/@vitest/runner/dist/chunk-hooks.js:1852:10)\n    at runTest (file:///home/nimish/dota2_companion/node_modules/@vitest/runner/dist/chunk-hooks.js:1563:12)\n    at processTicksAndRejections (node:internal/process/task_queues:105:5)\n    at runSuite (file:///home/nimish/dota2_companion/node_modules/@vitest/runner/dist/chunk-hooks.js:1718:8)\n    at runSuite (file:///home/nimish/dota2_companion/node_modules/@vitest/runner/dist/chunk-hooks.js:1718:8)"],"location":{"line":121,"column":3},"meta":{}},{"ancestorTitles":["HeroPerformanceWidget"],"fullName":"HeroPerformanceWidget shows loading state when data is loading","status":"failed","title":"shows loading state when data is loading","duration":0.5950050000001283,"failureMessages":["TypeError: Cannot read properties of undefined (reading 'Provider')\n    at /home/nimish/dota2_companion/src/__tests__/widgets/HeroPerformanceWidget.test.jsx:151:20\n    at file:///home/nimish/dota2_companion/node_modules/@vitest/runner/dist/chunk-hooks.js:154:11\n    at file:///home/nimish/dota2_companion/node_modules/@vitest/runner/dist/chunk-hooks.js:751:26\n    at file:///home/nimish/dota2_companion/node_modules/@vitest/runner/dist/chunk-hooks.js:1886:20\n    at new Promise (<anonymous>)\n    at runWithTimeout (file:///home/nimish/dota2_companion/node_modules/@vitest/runner/dist/chunk-hooks.js:1852:10)\n    at runTest (file:///home/nimish/dota2_companion/node_modules/@vitest/runner/dist/chunk-hooks.js:1563:12)\n    at processTicksAndRejections (node:internal/process/task_queues:105:5)\n    at runSuite (file:///home/nimish/dota2_companion/node_modules/@vitest/runner/dist/chunk-hooks.js:1718:8)\n    at runSuite (file:///home/nimish/dota2_companion/node_modules/@vitest/runner/dist/chunk-hooks.js:1718:8)"],"location":{"line":144,"column":3},"meta":{}},{"ancestorTitles":["HeroPerformanceWidget"],"fullName":"HeroPerformanceWidget shows empty state when no hero data","status":"failed","title":"shows empty state when no hero data","duration":0.6654680000001463,"failureMessages":["TypeError: Cannot read properties of undefined (reading 'Provider')\n    at /home/nimish/dota2_companion/src/__tests__/widgets/HeroPerformanceWidget.test.jsx:166:20\n    at file:///home/nimish/dota2_companion/node_modules/@vitest/runner/dist/chunk-hooks.js:154:11\n    at file:///home/nimish/dota2_companion/node_modules/@vitest/runner/dist/chunk-hooks.js:751:26\n    at file:///home/nimish/dota2_companion/node_modules/@vitest/runner/dist/chunk-hooks.js:1886:20\n    at new Promise (<anonymous>)\n    at runWithTimeout (file:///home/nimish/dota2_companion/node_modules/@vitest/runner/dist/chunk-hooks.js:1852:10)\n    at runTest (file:///home/nimish/dota2_companion/node_modules/@vitest/runner/dist/chunk-hooks.js:1563:12)\n    at processTicksAndRejections (node:internal/process/task_queues:105:5)\n    at runSuite (file:///home/nimish/dota2_companion/node_modules/@vitest/runner/dist/chunk-hooks.js:1718:8)\n    at runSuite (file:///home/nimish/dota2_companion/node_modules/@vitest/runner/dist/chunk-hooks.js:1718:8)"],"location":{"line":159,"column":3},"meta":{}},{"ancestorTitles":["HeroPerformanceWidget"],"fullName":"HeroPerformanceWidget displays summary statistics","status":"failed","title":"displays summary statistics","duration":1.1039760000003298,"failureMessages":["TypeError: Cannot read properties of undefined (reading 'Provider')\n    at /home/nimish/dota2_companion/src/__tests__/widgets/HeroPerformanceWidget.test.jsx:176:20\n    at file:///home/nimish/dota2_companion/node_modules/@vitest/runner/dist/chunk-hooks.js:154:11\n    at file:///home/nimish/dota2_companion/node_modules/@vitest/runner/dist/chunk-hooks.js:751:26\n    at file:///home/nimish/dota2_companion/node_modules/@vitest/runner/dist/chunk-hooks.js:1886:20\n    at new Promise (<anonymous>)\n    at runWithTimeout (file:///home/nimish/dota2_companion/node_modules/@vitest/runner/dist/chunk-hooks.js:1852:10)\n    at runTest (file:///home/nimish/dota2_companion/node_modules/@vitest/runner/dist/chunk-hooks.js:1563:12)\n    at processTicksAndRejections (node:internal/process/task_queues:105:5)\n    at runSuite (file:///home/nimish/dota2_companion/node_modules/@vitest/runner/dist/chunk-hooks.js:1718:8)\n    at runSuite (file:///home/nimish/dota2_companion/node_modules/@vitest/runner/dist/chunk-hooks.js:1718:8)"],"location":{"line":174,"column":3},"meta":{}}],"startTime":1749119525032,"endTime":1749119525041.104,"status":"failed","message":"","name":"/home/nimish/dota2_companion/src/__tests__/widgets/HeroPerformanceWidget.test.jsx"},{"assertionResults":[{"ancestorTitles":["RecentMatchesWidget"],"fullName":"RecentMatchesWidget renders without crashing","status":"failed","title":"renders without crashing","duration":2.678613000000041,"failureMessages":["TypeError: Cannot read properties of undefined (reading 'Provider')\n    at /home/nimish/dota2_companion/src/__tests__/widgets/RecentMatchesWidget.test.jsx:54:20\n    at file:///home/nimish/dota2_companion/node_modules/@vitest/runner/dist/chunk-hooks.js:154:11\n    at file:///home/nimish/dota2_companion/node_modules/@vitest/runner/dist/chunk-hooks.js:751:26\n    at file:///home/nimish/dota2_companion/node_modules/@vitest/runner/dist/chunk-hooks.js:1886:20\n    at new Promise (<anonymous>)\n    at runWithTimeout (file:///home/nimish/dota2_companion/node_modules/@vitest/runner/dist/chunk-hooks.js:1852:10)\n    at runTest (file:///home/nimish/dota2_companion/node_modules/@vitest/runner/dist/chunk-hooks.js:1563:12)\n    at processTicksAndRejections (node:internal/process/task_queues:105:5)\n    at runSuite (file:///home/nimish/dota2_companion/node_modules/@vitest/runner/dist/chunk-hooks.js:1718:8)\n    at runSuite (file:///home/nimish/dota2_companion/node_modules/@vitest/runner/dist/chunk-hooks.js:1718:8)"],"location":{"line":52,"column":3},"meta":{}},{"ancestorTitles":["RecentMatchesWidget"],"fullName":"RecentMatchesWidget displays match history correctly","status":"failed","title":"displays match history correctly","duration":1.4067199999999502,"failureMessages":["TypeError: Cannot read properties of undefined (reading 'Provider')\n    at /home/nimish/dota2_companion/src/__tests__/widgets/RecentMatchesWidget.test.jsx:64:20\n    at file:///home/nimish/dota2_companion/node_modules/@vitest/runner/dist/chunk-hooks.js:154:11\n    at file:///home/nimish/dota2_companion/node_modules/@vitest/runner/dist/chunk-hooks.js:751:26\n    at file:///home/nimish/dota2_companion/node_modules/@vitest/runner/dist/chunk-hooks.js:1886:20\n    at new Promise (<anonymous>)\n    at runWithTimeout (file:///home/nimish/dota2_companion/node_modules/@vitest/runner/dist/chunk-hooks.js:1852:10)\n    at runTest (file:///home/nimish/dota2_companion/node_modules/@vitest/runner/dist/chunk-hooks.js:1563:12)\n    at processTicksAndRejections (node:internal/process/task_queues:105:5)\n    at runSuite (file:///home/nimish/dota2_companion/node_modules/@vitest/runner/dist/chunk-hooks.js:1718:8)\n    at runSuite (file:///home/nimish/dota2_companion/node_modules/@vitest/runner/dist/chunk-hooks.js:1718:8)"],"location":{"line":62,"column":3},"meta":{}},{"ancestorTitles":["RecentMatchesWidget"],"fullName":"RecentMatchesWidget calculates and displays win rate","status":"failed","title":"calculates and displays win rate","duration":0.8080440000003364,"failureMessages":["TypeError: Cannot read properties of undefined (reading 'Provider')\n    at /home/nimish/dota2_companion/src/__tests__/widgets/RecentMatchesWidget.test.jsx:82:20\n    at file:///home/nimish/dota2_companion/node_modules/@vitest/runner/dist/chunk-hooks.js:154:11\n    at file:///home/nimish/dota2_companion/node_modules/@vitest/runner/dist/chunk-hooks.js:751:26\n    at file:///home/nimish/dota2_companion/node_modules/@vitest/runner/dist/chunk-hooks.js:1886:20\n    at new Promise (<anonymous>)\n    at runWithTimeout (file:///home/nimish/dota2_companion/node_modules/@vitest/runner/dist/chunk-hooks.js:1852:10)\n    at runTest (file:///home/nimish/dota2_companion/node_modules/@vitest/runner/dist/chunk-hooks.js:1563:12)\n    at processTicksAndRejections (node:internal/process/task_queues:105:5)\n    at runSuite (file:///home/nimish/dota2_companion/node_modules/@vitest/runner/dist/chunk-hooks.js:1718:8)\n    at runSuite (file:///home/nimish/dota2_companion/node_modules/@vitest/runner/dist/chunk-hooks.js:1718:8)"],"location":{"line":80,"column":3},"meta":{}},{"ancestorTitles":["RecentMatchesWidget"],"fullName":"RecentMatchesWidget shows loading state when data is loading","status":"failed","title":"shows loading state when data is loading","duration":1.0586139999995794,"failureMessages":["TypeError: Cannot read properties of undefined (reading 'Provider')\n    at /home/nimish/dota2_companion/src/__tests__/widgets/RecentMatchesWidget.test.jsx:100:20\n    at file:///home/nimish/dota2_companion/node_modules/@vitest/runner/dist/chunk-hooks.js:154:11\n    at file:///home/nimish/dota2_companion/node_modules/@vitest/runner/dist/chunk-hooks.js:751:26\n    at file:///home/nimish/dota2_companion/node_modules/@vitest/runner/dist/chunk-hooks.js:1886:20\n    at new Promise (<anonymous>)\n    at runWithTimeout (file:///home/nimish/dota2_companion/node_modules/@vitest/runner/dist/chunk-hooks.js:1852:10)\n    at runTest (file:///home/nimish/dota2_companion/node_modules/@vitest/runner/dist/chunk-hooks.js:1563:12)\n    at processTicksAndRejections (node:internal/process/task_queues:105:5)\n    at runSuite (file:///home/nimish/dota2_companion/node_modules/@vitest/runner/dist/chunk-hooks.js:1718:8)\n    at runSuite (file:///home/nimish/dota2_companion/node_modules/@vitest/runner/dist/chunk-hooks.js:1718:8)"],"location":{"line":93,"column":3},"meta":{}},{"ancestorTitles":["RecentMatchesWidget"],"fullName":"RecentMatchesWidget shows empty state when no matches","status":"failed","title":"shows empty state when no matches","duration":0.5990149999997811,"failureMessages":["TypeError: Cannot read properties of undefined (reading 'Provider')\n    at /home/nimish/dota2_companion/src/__tests__/widgets/RecentMatchesWidget.test.jsx:115:20\n    at file:///home/nimish/dota2_companion/node_modules/@vitest/runner/dist/chunk-hooks.js:154:11\n    at file:///home/nimish/dota2_companion/node_modules/@vitest/runner/dist/chunk-hooks.js:751:26\n    at file:///home/nimish/dota2_companion/node_modules/@vitest/runner/dist/chunk-hooks.js:1886:20\n    at new Promise (<anonymous>)\n    at runWithTimeout (file:///home/nimish/dota2_companion/node_modules/@vitest/runner/dist/chunk-hooks.js:1852:10)\n    at runTest (file:///home/nimish/dota2_companion/node_modules/@vitest/runner/dist/chunk-hooks.js:1563:12)\n    at processTicksAndRejections (node:internal/process/task_queues:105:5)\n    at runSuite (file:///home/nimish/dota2_companion/node_modules/@vitest/runner/dist/chunk-hooks.js:1718:8)\n    at runSuite (file:///home/nimish/dota2_companion/node_modules/@vitest/runner/dist/chunk-hooks.js:1718:8)"],"location":{"line":108,"column":3},"meta":{}},{"ancestorTitles":["RecentMatchesWidget"],"fullName":"RecentMatchesWidget displays match statistics correctly","status":"failed","title":"displays match statistics correctly","duration":0.7500520000003235,"failureMessages":["TypeError: Cannot read properties of undefined (reading 'Provider')\n    at /home/nimish/dota2_companion/src/__tests__/widgets/RecentMatchesWidget.test.jsx:125:20\n    at file:///home/nimish/dota2_companion/node_modules/@vitest/runner/dist/chunk-hooks.js:154:11\n    at file:///home/nimish/dota2_companion/node_modules/@vitest/runner/dist/chunk-hooks.js:751:26\n    at file:///home/nimish/dota2_companion/node_modules/@vitest/runner/dist/chunk-hooks.js:1886:20\n    at new Promise (<anonymous>)\n    at runWithTimeout (file:///home/nimish/dota2_companion/node_modules/@vitest/runner/dist/chunk-hooks.js:1852:10)\n    at runTest (file:///home/nimish/dota2_companion/node_modules/@vitest/runner/dist/chunk-hooks.js:1563:12)\n    at processTicksAndRejections (node:internal/process/task_queues:105:5)\n    at runSuite (file:///home/nimish/dota2_companion/node_modules/@vitest/runner/dist/chunk-hooks.js:1718:8)\n    at runSuite (file:///home/nimish/dota2_companion/node_modules/@vitest/runner/dist/chunk-hooks.js:1718:8)"],"location":{"line":123,"column":3},"meta":{}},{"ancestorTitles":["RecentMatchesWidget"],"fullName":"RecentMatchesWidget formats time ago correctly","status":"failed","title":"formats time ago correctly","duration":1.0784250000006068,"failureMessages":["TypeError: Cannot read properties of undefined (reading 'Provider')\n    at /home/nimish/dota2_companion/src/__tests__/widgets/RecentMatchesWidget.test.jsx:143:20\n    at file:///home/nimish/dota2_companion/node_modules/@vitest/runner/dist/chunk-hooks.js:154:11\n    at file:///home/nimish/dota2_companion/node_modules/@vitest/runner/dist/chunk-hooks.js:751:26\n    at file:///home/nimish/dota2_companion/node_modules/@vitest/runner/dist/chunk-hooks.js:1886:20\n    at new Promise (<anonymous>)\n    at runWithTimeout (file:///home/nimish/dota2_companion/node_modules/@vitest/runner/dist/chunk-hooks.js:1852:10)\n    at runTest (file:///home/nimish/dota2_companion/node_modules/@vitest/runner/dist/chunk-hooks.js:1563:12)\n    at processTicksAndRejections (node:internal/process/task_queues:105:5)\n    at runSuite (file:///home/nimish/dota2_companion/node_modules/@vitest/runner/dist/chunk-hooks.js:1718:8)\n    at runSuite (file:///home/nimish/dota2_companion/node_modules/@vitest/runner/dist/chunk-hooks.js:1718:8)"],"location":{"line":141,"column":3},"meta":{}}],"startTime":1749119525059,"endTime":1749119525067.0784,"status":"failed","message":"","name":"/home/nimish/dota2_companion/src/__tests__/widgets/RecentMatchesWidget.test.jsx"},{"assertionResults":[{"ancestorTitles":["SessionTrackerWidget"],"fullName":"SessionTrackerWidget renders without crashing","status":"failed","title":"renders without crashing","duration":564.7765239999999,"failureMessages":["TestingLibraryElementError: Unable to find an element with the text: SESSION TRACKER. This could be because the text is broken up by multiple elements. In this case, you can provide a function for your text matcher to make your matcher more flexible.\n\nIgnored nodes: comments, script, style\n\u001b[36m<body>\u001b[39m\n  \u001b[36m<div>\u001b[39m\n    \u001b[36m<div\u001b[39m\n      \u001b[33mclass\u001b[39m=\u001b[32m\"h-full flex items-center justify-center\"\u001b[39m\n    \u001b[36m>\u001b[39m\n      \u001b[36m<div\u001b[39m\n        \u001b[33mclass\u001b[39m=\u001b[32m\"ant-space css-dev-only-do-not-override-mc1tut ant-space-vertical ant-space-align-center ant-space-gap-row-small ant-space-gap-col-small\"\u001b[39m\n      \u001b[36m>\u001b[39m\n        \u001b[36m<div\u001b[39m\n          \u001b[33mclass\u001b[39m=\u001b[32m\"ant-space-item\"\u001b[39m\n        \u001b[36m>\u001b[39m\n          \u001b[36m<span\u001b[39m\n            \u001b[33maria-label\u001b[39m=\u001b[32m\"clock-circle\"\u001b[39m\n            \u001b[33mclass\u001b[39m=\u001b[32m\"anticon anticon-clock-circle\"\u001b[39m\n            \u001b[33mrole\u001b[39m=\u001b[32m\"img\"\u001b[39m\n            \u001b[33mstyle\u001b[39m=\u001b[32m\"font-size: 48px; color: rgb(0, 217, 255);\"\u001b[39m\n          \u001b[36m>\u001b[39m\n            \u001b[36m<svg\u001b[39m\n              \u001b[33maria-hidden\u001b[39m=\u001b[32m\"true\"\u001b[39m\n              \u001b[33mdata-icon\u001b[39m=\u001b[32m\"clock-circle\"\u001b[39m\n              \u001b[33mfill\u001b[39m=\u001b[32m\"currentColor\"\u001b[39m\n              \u001b[33mfocusable\u001b[39m=\u001b[32m\"false\"\u001b[39m\n              \u001b[33mheight\u001b[39m=\u001b[32m\"1em\"\u001b[39m\n              \u001b[33mviewBox\u001b[39m=\u001b[32m\"64 64 896 896\"\u001b[39m\n              \u001b[33mwidth\u001b[39m=\u001b[32m\"1em\"\u001b[39m\n            \u001b[36m>\u001b[39m\n              \u001b[36m<path\u001b[39m\n                \u001b[33md\u001b[39m=\u001b[32m\"M512 64C264.6 64 64 264.6 64 512s200.6 448 448 448 448-200.6 448-448S759.4 64 512 64zm0 820c-205.4 0-372-166.6-372-372s166.6-372 372-372 372 166.6 372 372-166.6 372-372 372z\"\u001b[39m\n              \u001b[36m/>\u001b[39m\n              \u001b[36m<path\u001b[39m\n                \u001b[33md\u001b[39m=\u001b[32m\"M686.7 638.6L544.1 535.5V288c0-4.4-3.6-8-8-8H488c-4.4 0-8 3.6-8 8v275.4c0 2.6 1.2 5 3.3 6.5l165.4 120.6c3.6 2.6 8.6 1.8 11.2-1.7l28.6-39c2.6-3.7 1.8-8.7-1.8-11.2z\"\u001b[39m\n              \u001b[36m/>\u001b[39m\n            \u001b[36m</svg>\u001b[39m\n          \u001b[36m</span>\u001b[39m\n        \u001b[36m</div>\u001b[39m\n        \u001b[36m<div\u001b[39m\n          \u001b[33mclass\u001b[39m=\u001b[32m\"ant-space-item\"\u001b[39m\n        \u001b[36m>\u001b[39m\n          \u001b[36m<span\u001b[39m\n            \u001b[33mclass\u001b[39m=\u001b[32m\"ant-typography text-gray-400 css-dev-only-do-not-override-mc1tut\"\u001b[39m\n          \u001b[36m>\u001b[39m\n            \u001b[0mLoading session data...\u001b[0m\n          \u001b[36m</span>\u001b[39m\n        \u001b[36m</div>\u001b[39m\n      \u001b[36m</div>\u001b[39m\n    \u001b[36m</div>\u001b[39m\n  \u001b[36m</div>\u001b[39m\n\u001b[36m</body>\u001b[39m\n    at Object.getElementError (/home/nimish/dota2_companion/node_modules/@testing-library/dom/dist/config.js:37:19)\n    at /home/nimish/dota2_companion/node_modules/@testing-library/dom/dist/query-helpers.js:76:38\n    at /home/nimish/dota2_companion/node_modules/@testing-library/dom/dist/query-helpers.js:52:17\n    at /home/nimish/dota2_companion/node_modules/@testing-library/dom/dist/query-helpers.js:95:19\n    at /home/nimish/dota2_companion/src/__tests__/widgets/SessionTrackerWidget.test.jsx:36:19\n    at file:///home/nimish/dota2_companion/node_modules/@vitest/runner/dist/chunk-hooks.js:154:11\n    at file:///home/nimish/dota2_companion/node_modules/@vitest/runner/dist/chunk-hooks.js:751:26\n    at file:///home/nimish/dota2_companion/node_modules/@vitest/runner/dist/chunk-hooks.js:1886:20\n    at new Promise (<anonymous>)\n    at runWithTimeout (file:///home/nimish/dota2_companion/node_modules/@vitest/runner/dist/chunk-hooks.js:1852:10)"],"location":{"line":27,"column":3},"meta":{}},{"ancestorTitles":["SessionTrackerWidget"],"fullName":"SessionTrackerWidget displays session statistics correctly","status":"failed","title":"displays session statistics correctly","duration":167.28189500000008,"failureMessages":["TestingLibraryElementError: Unable to find an element with the text: /today's session/i. This could be because the text is broken up by multiple elements. In this case, you can provide a function for your text matcher to make your matcher more flexible.\n\nIgnored nodes: comments, script, style\n\u001b[36m<body>\u001b[39m\n  \u001b[36m<div>\u001b[39m\n    \u001b[36m<div\u001b[39m\n      \u001b[33mclass\u001b[39m=\u001b[32m\"h-full flex items-center justify-center\"\u001b[39m\n    \u001b[36m>\u001b[39m\n      \u001b[36m<div\u001b[39m\n        \u001b[33mclass\u001b[39m=\u001b[32m\"ant-space css-dev-only-do-not-override-mc1tut ant-space-vertical ant-space-align-center ant-space-gap-row-small ant-space-gap-col-small\"\u001b[39m\n      \u001b[36m>\u001b[39m\n        \u001b[36m<div\u001b[39m\n          \u001b[33mclass\u001b[39m=\u001b[32m\"ant-space-item\"\u001b[39m\n        \u001b[36m>\u001b[39m\n          \u001b[36m<span\u001b[39m\n            \u001b[33maria-label\u001b[39m=\u001b[32m\"clock-circle\"\u001b[39m\n            \u001b[33mclass\u001b[39m=\u001b[32m\"anticon anticon-clock-circle\"\u001b[39m\n            \u001b[33mrole\u001b[39m=\u001b[32m\"img\"\u001b[39m\n            \u001b[33mstyle\u001b[39m=\u001b[32m\"font-size: 48px; color: rgb(0, 217, 255);\"\u001b[39m\n          \u001b[36m>\u001b[39m\n            \u001b[36m<svg\u001b[39m\n              \u001b[33maria-hidden\u001b[39m=\u001b[32m\"true\"\u001b[39m\n              \u001b[33mdata-icon\u001b[39m=\u001b[32m\"clock-circle\"\u001b[39m\n              \u001b[33mfill\u001b[39m=\u001b[32m\"currentColor\"\u001b[39m\n              \u001b[33mfocusable\u001b[39m=\u001b[32m\"false\"\u001b[39m\n              \u001b[33mheight\u001b[39m=\u001b[32m\"1em\"\u001b[39m\n              \u001b[33mviewBox\u001b[39m=\u001b[32m\"64 64 896 896\"\u001b[39m\n              \u001b[33mwidth\u001b[39m=\u001b[32m\"1em\"\u001b[39m\n            \u001b[36m>\u001b[39m\n              \u001b[36m<path\u001b[39m\n                \u001b[33md\u001b[39m=\u001b[32m\"M512 64C264.6 64 64 264.6 64 512s200.6 448 448 448 448-200.6 448-448S759.4 64 512 64zm0 820c-205.4 0-372-166.6-372-372s166.6-372 372-372 372 166.6 372 372-166.6 372-372 372z\"\u001b[39m\n              \u001b[36m/>\u001b[39m\n              \u001b[36m<path\u001b[39m\n                \u001b[33md\u001b[39m=\u001b[32m\"M686.7 638.6L544.1 535.5V288c0-4.4-3.6-8-8-8H488c-4.4 0-8 3.6-8 8v275.4c0 2.6 1.2 5 3.3 6.5l165.4 120.6c3.6 2.6 8.6 1.8 11.2-1.7l28.6-39c2.6-3.7 1.8-8.7-1.8-11.2z\"\u001b[39m\n              \u001b[36m/>\u001b[39m\n            \u001b[36m</svg>\u001b[39m\n          \u001b[36m</span>\u001b[39m\n        \u001b[36m</div>\u001b[39m\n        \u001b[36m<div\u001b[39m\n          \u001b[33mclass\u001b[39m=\u001b[32m\"ant-space-item\"\u001b[39m\n        \u001b[36m>\u001b[39m\n          \u001b[36m<span\u001b[39m\n            \u001b[33mclass\u001b[39m=\u001b[32m\"ant-typography text-gray-400 css-dev-only-do-not-override-mc1tut\"\u001b[39m\n          \u001b[36m>\u001b[39m\n            \u001b[0mLoading session data...\u001b[0m\n          \u001b[36m</span>\u001b[39m\n        \u001b[36m</div>\u001b[39m\n      \u001b[36m</div>\u001b[39m\n    \u001b[36m</div>\u001b[39m\n  \u001b[36m</div>\u001b[39m\n\u001b[36m</body>\u001b[39m\n    at Object.getElementError (/home/nimish/dota2_companion/node_modules/@testing-library/dom/dist/config.js:37:19)\n    at /home/nimish/dota2_companion/node_modules/@testing-library/dom/dist/query-helpers.js:76:38\n    at /home/nimish/dota2_companion/node_modules/@testing-library/dom/dist/query-helpers.js:52:17\n    at /home/nimish/dota2_companion/node_modules/@testing-library/dom/dist/query-helpers.js:95:19\n    at /home/nimish/dota2_companion/src/__tests__/widgets/SessionTrackerWidget.test.jsx:49:19\n    at file:///home/nimish/dota2_companion/node_modules/@vitest/runner/dist/chunk-hooks.js:154:11\n    at file:///home/nimish/dota2_companion/node_modules/@vitest/runner/dist/chunk-hooks.js:751:26\n    at file:///home/nimish/dota2_companion/node_modules/@vitest/runner/dist/chunk-hooks.js:1886:20\n    at new Promise (<anonymous>)\n    at runWithTimeout (file:///home/nimish/dota2_companion/node_modules/@vitest/runner/dist/chunk-hooks.js:1852:10)"],"location":{"line":39,"column":3},"meta":{}},{"ancestorTitles":["SessionTrackerWidget"],"fullName":"SessionTrackerWidget shows loading state when data is loading","status":"failed","title":"shows loading state when data is loading","duration":130.88277799999923,"failureMessages":["Error: \u001b[2mexpect(\u001b[22m\u001b[31mreceived\u001b[39m\u001b[2m).toBeInTheDocument()\u001b[22m\n\n\u001b[31mreceived\u001b[39m value must be an HTMLElement or an SVGElement.\nReceived has type:  Null\nReceived has value: \u001b[31mnull\u001b[39m\n    at Proxy.expectWrapper (file:///home/nimish/dota2_companion/node_modules/@vitest/expect/dist/index.js:1725:36)\n    at Proxy.<anonymous> (file:///home/nimish/dota2_companion/node_modules/@vitest/expect/dist/index.js:1022:14)\n    at Proxy.methodWrapper (file:///home/nimish/dota2_companion/node_modules/chai/chai.js:1618:25)\n    at /home/nimish/dota2_companion/src/__tests__/widgets/SessionTrackerWidget.test.jsx:69:49\n    at file:///home/nimish/dota2_companion/node_modules/@vitest/runner/dist/chunk-hooks.js:154:11\n    at file:///home/nimish/dota2_companion/node_modules/@vitest/runner/dist/chunk-hooks.js:751:26\n    at file:///home/nimish/dota2_companion/node_modules/@vitest/runner/dist/chunk-hooks.js:1886:20\n    at new Promise (<anonymous>)\n    at runWithTimeout (file:///home/nimish/dota2_companion/node_modules/@vitest/runner/dist/chunk-hooks.js:1852:10)\n    at runTest (file:///home/nimish/dota2_companion/node_modules/@vitest/runner/dist/chunk-hooks.js:1563:12)"],"location":{"line":54,"column":3},"meta":{}},{"ancestorTitles":["SessionTrackerWidget"],"fullName":"SessionTrackerWidget displays MMR counter component","status":"failed","title":"displays MMR counter component","duration":192.32517200000075,"failureMessages":["TestingLibraryElementError: Unable to find an element with the text: /current mmr/i. This could be because the text is broken up by multiple elements. In this case, you can provide a function for your text matcher to make your matcher more flexible.\n\nIgnored nodes: comments, script, style\n\u001b[36m<body>\u001b[39m\n  \u001b[36m<div>\u001b[39m\n    \u001b[36m<div\u001b[39m\n      \u001b[33mclass\u001b[39m=\u001b[32m\"h-full flex items-center justify-center\"\u001b[39m\n    \u001b[36m>\u001b[39m\n      \u001b[36m<div\u001b[39m\n        \u001b[33mclass\u001b[39m=\u001b[32m\"ant-space css-dev-only-do-not-override-mc1tut ant-space-vertical ant-space-align-center ant-space-gap-row-small ant-space-gap-col-small\"\u001b[39m\n      \u001b[36m>\u001b[39m\n        \u001b[36m<div\u001b[39m\n          \u001b[33mclass\u001b[39m=\u001b[32m\"ant-space-item\"\u001b[39m\n        \u001b[36m>\u001b[39m\n          \u001b[36m<span\u001b[39m\n            \u001b[33maria-label\u001b[39m=\u001b[32m\"clock-circle\"\u001b[39m\n            \u001b[33mclass\u001b[39m=\u001b[32m\"anticon anticon-clock-circle\"\u001b[39m\n            \u001b[33mrole\u001b[39m=\u001b[32m\"img\"\u001b[39m\n            \u001b[33mstyle\u001b[39m=\u001b[32m\"font-size: 48px; color: rgb(0, 217, 255);\"\u001b[39m\n          \u001b[36m>\u001b[39m\n            \u001b[36m<svg\u001b[39m\n              \u001b[33maria-hidden\u001b[39m=\u001b[32m\"true\"\u001b[39m\n              \u001b[33mdata-icon\u001b[39m=\u001b[32m\"clock-circle\"\u001b[39m\n              \u001b[33mfill\u001b[39m=\u001b[32m\"currentColor\"\u001b[39m\n              \u001b[33mfocusable\u001b[39m=\u001b[32m\"false\"\u001b[39m\n              \u001b[33mheight\u001b[39m=\u001b[32m\"1em\"\u001b[39m\n              \u001b[33mviewBox\u001b[39m=\u001b[32m\"64 64 896 896\"\u001b[39m\n              \u001b[33mwidth\u001b[39m=\u001b[32m\"1em\"\u001b[39m\n            \u001b[36m>\u001b[39m\n              \u001b[36m<path\u001b[39m\n                \u001b[33md\u001b[39m=\u001b[32m\"M512 64C264.6 64 64 264.6 64 512s200.6 448 448 448 448-200.6 448-448S759.4 64 512 64zm0 820c-205.4 0-372-166.6-372-372s166.6-372 372-372 372 166.6 372 372-166.6 372-372 372z\"\u001b[39m\n              \u001b[36m/>\u001b[39m\n              \u001b[36m<path\u001b[39m\n                \u001b[33md\u001b[39m=\u001b[32m\"M686.7 638.6L544.1 535.5V288c0-4.4-3.6-8-8-8H488c-4.4 0-8 3.6-8 8v275.4c0 2.6 1.2 5 3.3 6.5l165.4 120.6c3.6 2.6 8.6 1.8 11.2-1.7l28.6-39c2.6-3.7 1.8-8.7-1.8-11.2z\"\u001b[39m\n              \u001b[36m/>\u001b[39m\n            \u001b[36m</svg>\u001b[39m\n          \u001b[36m</span>\u001b[39m\n        \u001b[36m</div>\u001b[39m\n        \u001b[36m<div\u001b[39m\n          \u001b[33mclass\u001b[39m=\u001b[32m\"ant-space-item\"\u001b[39m\n        \u001b[36m>\u001b[39m\n          \u001b[36m<span\u001b[39m\n            \u001b[33mclass\u001b[39m=\u001b[32m\"ant-typography text-gray-400 css-dev-only-do-not-override-mc1tut\"\u001b[39m\n          \u001b[36m>\u001b[39m\n            \u001b[0mLoading session data...\u001b[0m\n          \u001b[36m</span>\u001b[39m\n        \u001b[36m</div>\u001b[39m\n      \u001b[36m</div>\u001b[39m\n    \u001b[36m</div>\u001b[39m\n  \u001b[36m</div>\u001b[39m\n\u001b[36m</body>\u001b[39m\n    at Object.getElementError (/home/nimish/dota2_companion/node_modules/@testing-library/dom/dist/config.js:37:19)\n    at /home/nimish/dota2_companion/node_modules/@testing-library/dom/dist/query-helpers.js:76:38\n    at /home/nimish/dota2_companion/node_modules/@testing-library/dom/dist/query-helpers.js:52:17\n    at /home/nimish/dota2_companion/node_modules/@testing-library/dom/dist/query-helpers.js:95:19\n    at /home/nimish/dota2_companion/src/__tests__/widgets/SessionTrackerWidget.test.jsx:82:19\n    at file:///home/nimish/dota2_companion/node_modules/@vitest/runner/dist/chunk-hooks.js:154:11\n    at file:///home/nimish/dota2_companion/node_modules/@vitest/runner/dist/chunk-hooks.js:751:26\n    at file:///home/nimish/dota2_companion/node_modules/@vitest/runner/dist/chunk-hooks.js:1886:20\n    at new Promise (<anonymous>)\n    at runWithTimeout (file:///home/nimish/dota2_companion/node_modules/@vitest/runner/dist/chunk-hooks.js:1852:10)"],"location":{"line":72,"column":3},"meta":{}},{"ancestorTitles":["SessionTrackerWidget"],"fullName":"SessionTrackerWidget shows performance alerts when applicable","status":"passed","title":"shows performance alerts when applicable","duration":129.00473000000056,"failureMessages":[],"location":{"line":85,"column":3},"meta":{}}],"startTime":1749119525200,"endTime":1749119526385.0046,"status":"failed","message":"","name":"/home/nimish/dota2_companion/src/__tests__/widgets/SessionTrackerWidget.test.jsx"}]}